# JRE version: Java(TM) SE Runtime Environment (8.0_191-b12) (build 1.8.0_191-b12)
# Java VM: Java HotSpot(TM) 64-Bit Server VM (25.191-b12 mixed mode windows-amd64 compressed oops)
Heap:
 PSYoungGen      total 204288K, used 43383K [0x000000076e100000, 0x000000077c180000, 0x00000007c0000000)
  eden space 183808K, 13% used [0x000000076e100000,0x000000076f8c7168,0x0000000779480000)
  from space 20480K, 92% used [0x000000077ad80000,0x000000077c016ae8,0x000000077c180000)
  to   space 23040K, 0% used [0x0000000779480000,0x0000000779480000,0x000000077ab00000)
 ParOldGen       total 121856K, used 27705K [0x00000006ca200000, 0x00000006d1900000, 0x000000076e100000)
  object space 121856K, 22% used [0x00000006ca200000,0x00000006cbd0e4f0,0x00000006d1900000)
 Metaspace       used 30472K, capacity 31592K, committed 31872K, reserved 1077248K
  class space    used 3601K, capacity 3939K, committed 3968K, reserved 1048576K
GC Heap History (10 events):
Event: 2.220 GC heap before
{Heap before GC invocations=3 (full 0):
 PSYoungGen      total 73728K, used 73696K [0x000000076e100000, 0x0000000773300000, 0x00000007c0000000)
  eden space 63488K, 100% used [0x000000076e100000,0x0000000771f00000,0x0000000771f00000)
  from space 10240K, 99% used [0x0000000772900000,0x00000007732f81f0,0x0000000773300000)
  to   space 10240K, 0% used [0x0000000771f00000,0x0000000771f00000,0x0000000772900000)
 ParOldGen       total 167936K, used 2921K [0x00000006ca200000, 0x00000006d4600000, 0x000000076e100000)
  object space 167936K, 1% used [0x00000006ca200000,0x00000006ca4da530,0x00000006d4600000)
 Metaspace       used 19827K, capacity 20498K, committed 20608K, reserved 1067008K
  class space    used 2426K, capacity 2609K, committed 2688K, reserved 1048576K
Event: 2.231 GC heap after
Heap after GC invocations=3 (full 0):
 PSYoungGen      total 73728K, used 10224K [0x000000076e100000, 0x0000000777100000, 0x00000007c0000000)
  eden space 63488K, 0% used [0x000000076e100000,0x000000076e100000,0x0000000771f00000)
  from space 10240K, 99% used [0x0000000771f00000,0x00000007728fc050,0x0000000772900000)
  to   space 10240K, 0% used [0x0000000776700000,0x0000000776700000,0x0000000777100000)
 ParOldGen       total 167936K, used 9345K [0x00000006ca200000, 0x00000006d4600000, 0x000000076e100000)
  object space 167936K, 5% used [0x00000006ca200000,0x00000006cab20420,0x00000006d4600000)
 Metaspace       used 19827K, capacity 20498K, committed 20608K, reserved 1067008K
  class space    used 2426K, capacity 2609K, committed 2688K, reserved 1048576K
}
Event: 2.521 GC heap before
{Heap before GC invocations=4 (full 0):
 PSYoungGen      total 73728K, used 39368K [0x000000076e100000, 0x0000000777100000, 0x00000007c0000000)
  eden space 63488K, 45% used [0x000000076e100000,0x000000076fd76308,0x0000000771f00000)
  from space 10240K, 99% used [0x0000000771f00000,0x00000007728fc050,0x0000000772900000)
  to   space 10240K, 0% used [0x0000000776700000,0x0000000776700000,0x0000000777100000)
 ParOldGen       total 167936K, used 9345K [0x00000006ca200000, 0x00000006d4600000, 0x000000076e100000)
  object space 167936K, 5% used [0x00000006ca200000,0x00000006cab20420,0x00000006d4600000)
 Metaspace       used 20459K, capacity 21228K, committed 21296K, reserved 1069056K
  class space    used 2485K, capacity 2666K, committed 2688K, reserved 1048576K
Event: 2.530 GC heap after
Heap after GC invocations=4 (full 0):
 PSYoungGen      total 137216K, used 10224K [0x000000076e100000, 0x0000000777100000, 0x00000007c0000000)
  eden space 126976K, 0% used [0x000000076e100000,0x000000076e100000,0x0000000775d00000)
  from space 10240K, 99% used [0x0000000776700000,0x00000007770fc050,0x0000000777100000)
  to   space 10240K, 0% used [0x0000000775d00000,0x0000000775d00000,0x0000000776700000)
 ParOldGen       total 167936K, used 11588K [0x00000006ca200000, 0x00000006d4600000, 0x000000076e100000)
  object space 167936K, 6% used [0x00000006ca200000,0x00000006cad512b0,0x00000006d4600000)
 Metaspace       used 20459K, capacity 21228K, committed 21296K, reserved 1069056K
  class space    used 2485K, capacity 2666K, committed 2688K, reserved 1048576K
}
Event: 2.530 GC heap before
{Heap before GC invocations=5 (full 1):
 PSYoungGen      total 137216K, used 10224K [0x000000076e100000, 0x0000000777100000, 0x00000007c0000000)
  eden space 126976K, 0% used [0x000000076e100000,0x000000076e100000,0x0000000775d00000)
  from space 10240K, 99% used [0x0000000776700000,0x00000007770fc050,0x0000000777100000)
  to   space 10240K, 0% used [0x0000000775d00000,0x0000000775d00000,0x0000000776700000)
 ParOldGen       total 167936K, used 11588K [0x00000006ca200000, 0x00000006d4600000, 0x000000076e100000)
  object space 167936K, 6% used [0x00000006ca200000,0x00000006cad512b0,0x00000006d4600000)
 Metaspace       used 20459K, capacity 21228K, committed 21296K, reserved 1069056K
  class space    used 2485K, capacity 2666K, committed 2688K, reserved 1048576K
Event: 2.575 GC heap after
Heap after GC invocations=5 (full 1):
 PSYoungGen      total 137216K, used 0K [0x000000076e100000, 0x0000000777100000, 0x00000007c0000000)
  eden space 126976K, 0% used [0x000000076e100000,0x000000076e100000,0x0000000775d00000)
  from space 10240K, 0% used [0x0000000776700000,0x0000000776700000,0x0000000777100000)
  to   space 10240K, 0% used [0x0000000775d00000,0x0000000775d00000,0x0000000776700000)
 ParOldGen       total 121856K, used 17990K [0x00000006ca200000, 0x00000006d1900000, 0x000000076e100000)
  object space 121856K, 14% used [0x00000006ca200000,0x00000006cb391b58,0x00000006d1900000)
 Metaspace       used 20459K, capacity 21228K, committed 21296K, reserved 1069056K
  class space    used 2485K, capacity 2666K, committed 2688K, reserved 1048576K
}
Event: 3.441 GC heap before
{Heap before GC invocations=6 (full 1):
 PSYoungGen      total 137216K, used 126976K [0x000000076e100000, 0x0000000777100000, 0x00000007c0000000)
  eden space 126976K, 100% used [0x000000076e100000,0x0000000775d00000,0x0000000775d00000)
  from space 10240K, 0% used [0x0000000776700000,0x0000000776700000,0x0000000777100000)
  to   space 10240K, 0% used [0x0000000775d00000,0x0000000775d00000,0x0000000776700000)
 ParOldGen       total 121856K, used 17990K [0x00000006ca200000, 0x00000006d1900000, 0x000000076e100000)
  object space 121856K, 14% used [0x00000006ca200000,0x00000006cb391b58,0x00000006d1900000)
 Metaspace       used 26102K, capacity 27146K, committed 27392K, reserved 1073152K
  class space    used 3157K, capacity 3469K, committed 3584K, reserved 1048576K
Event: 3.455 GC heap after
Heap after GC invocations=6 (full 1):
 PSYoungGen      total 137216K, used 10222K [0x000000076e100000, 0x000000077c280000, 0x00000007c0000000)
  eden space 126976K, 0% used [0x000000076e100000,0x000000076e100000,0x0000000775d00000)
  from space 10240K, 99% used [0x0000000775d00000,0x00000007766fb9c0,0x0000000776700000)
  to   space 21504K, 0% used [0x000000077ad80000,0x000000077ad80000,0x000000077c280000)
 ParOldGen       total 121856K, used 27697K [0x00000006ca200000, 0x00000006d1900000, 0x000000076e100000)
  object space 121856K, 22% used [0x00000006ca200000,0x00000006cbd0c4f0,0x00000006d1900000)
 Metaspace       used 26102K, capacity 27146K, committed 27392K, reserved 1073152K
  class space    used 3157K, capacity 3469K, committed 3584K, reserved 1048576K
}
Event: 4.709 GC heap before
{Heap before GC invocations=7 (full 1):
 PSYoungGen      total 137216K, used 137198K [0x000000076e100000, 0x000000077c280000, 0x00000007c0000000)
  eden space 126976K, 100% used [0x000000076e100000,0x0000000775d00000,0x0000000775d00000)
  from space 10240K, 99% used [0x0000000775d00000,0x00000007766fb9c0,0x0000000776700000)
  to   space 21504K, 0% used [0x000000077ad80000,0x000000077ad80000,0x000000077c280000)
 ParOldGen       total 121856K, used 27697K [0x00000006ca200000, 0x00000006d1900000, 0x000000076e100000)
  object space 121856K, 22% used [0x00000006ca200000,0x00000006cbd0c4f0,0x00000006d1900000)
 Metaspace       used 30410K, capacity 31528K, committed 31616K, reserved 1077248K
  class space    used 3601K, capacity 3939K, committed 3968K, reserved 1048576K
Event: 4.721 GC heap after
Heap after GC invocations=7 (full 1):
 PSYoungGen      total 204288K, used 19034K [0x000000076e100000, 0x000000077c180000, 0x00000007c0000000)
  eden space 183808K, 0% used [0x000000076e100000,0x000000076e100000,0x0000000779480000)
  from space 20480K, 92% used [0x000000077ad80000,0x000000077c016ae8,0x000000077c180000)
  to   space 23040K, 0% used [0x0000000779480000,0x0000000779480000,0x000000077ab00000)
 ParOldGen       total 121856K, used 27705K [0x00000006ca200000, 0x00000006d1900000, 0x000000076e100000)
  object space 121856K, 22% used [0x00000006ca200000,0x00000006cbd0e4f0,0x00000006d1900000)
 Metaspace       used 30410K, capacity 31528K, committed 31616K, reserved 1077248K
  class space    used 3601K, capacity 3939K, committed 3968K, reserved 1048576K
}

